# JRE version: OpenJDK Runtime Environment GraalVM CE 21.3.0 (17.0.1+12) (build 17.0.1+12-jvmci-21.3-b05)
# Java VM: OpenJDK 64-Bit Server VM GraalVM CE 21.3.0 (17.0.1+12-jvmci-21.3-b05, mixed mode, sharing, tiered, jvmci, jvmci compiler, compressed oops, compressed class ptrs, g1 gc, windows-amd64)
GC Precious Log:
 CPUs: 8 total, 8 available
 Memory: 10170M
 Large Page Support: Disabled
 NUMA Support: Disabled
 Compressed Oops: Enabled (Zero based)
 Heap Region Size: 2M
 Heap Min Capacity: 8M
 Heap Initial Capacity: 160M
 Heap Max Capacity: 2544M
 Pre-touch: Disabled
 Parallel Workers: 8
 Concurrent Workers: 2
 Concurrent Refinement Workers: 8
 Periodic GC: Disabled
Heap:
 garbage-first heap   total 163840K, used 61440K [0x0000000761000000, 0x0000000800000000)
  region size 2048K, 3 young (6144K), 3 survivors (6144K)
 Metaspace       used 57219K, committed 57536K, reserved 1105920K
  class space    used 6513K, committed 6656K, reserved 1048576K
GC Heap History (20 events):
Event: 3.428 GC heap after
{Heap after GC invocations=3 (full 0):
 garbage-first heap   total 163840K, used 16824K [0x0000000761000000, 0x0000000800000000)
  region size 2048K, 3 young (6144K), 3 survivors (6144K)
 Metaspace       used 21246K, committed 21504K, reserved 1073152K
  class space    used 2429K, committed 2560K, reserved 1048576K
}
Event: 4.687 GC heap before
{Heap before GC invocations=4 (full 0):
 garbage-first heap   total 69632K, used 51640K [0x0000000761000000, 0x0000000800000000)
  region size 2048K, 20 young (40960K), 3 survivors (6144K)
 Metaspace       used 27814K, committed 28032K, reserved 1081344K
  class space    used 3622K, committed 3712K, reserved 1048576K
}
Event: 4.704 GC heap after
{Heap after GC invocations=5 (full 0):
 garbage-first heap   total 69632K, used 21681K [0x0000000761000000, 0x0000000800000000)
  region size 2048K, 3 young (6144K), 3 survivors (6144K)
 Metaspace       used 27814K, committed 28032K, reserved 1081344K
  class space    used 3622K, committed 3712K, reserved 1048576K
}
Event: 4.737 GC heap before
{Heap before GC invocations=5 (full 0):
 garbage-first heap   total 69632K, used 23729K [0x0000000761000000, 0x0000000800000000)
  region size 2048K, 4 young (8192K), 3 survivors (6144K)
 Metaspace       used 28121K, committed 28416K, reserved 1081344K
  class space    used 3658K, committed 3776K, reserved 1048576K
}
Event: 4.747 GC heap after
{Heap after GC invocations=6 (full 0):
 garbage-first heap   total 69632K, used 23198K [0x0000000761000000, 0x0000000800000000)
  region size 2048K, 1 young (2048K), 1 survivors (2048K)
 Metaspace       used 28121K, committed 28416K, reserved 1081344K
  class space    used 3658K, committed 3776K, reserved 1048576K
}
Event: 5.399 GC heap before
{Heap before GC invocations=6 (full 0):
 garbage-first heap   total 69632K, used 47774K [0x0000000761000000, 0x0000000800000000)
  region size 2048K, 13 young (26624K), 1 survivors (2048K)
 Metaspace       used 32888K, committed 33152K, reserved 1081344K
  class space    used 4084K, committed 4224K, reserved 1048576K
}
Event: 5.408 GC heap after
{Heap after GC invocations=7 (full 0):
 garbage-first heap   total 69632K, used 25344K [0x0000000761000000, 0x0000000800000000)
  region size 2048K, 2 young (4096K), 2 survivors (4096K)
 Metaspace       used 32888K, committed 33152K, reserved 1081344K
  class space    used 4084K, committed 4224K, reserved 1048576K
}
Event: 5.824 GC heap before
{Heap before GC invocations=7 (full 0):
 garbage-first heap   total 69632K, used 33536K [0x0000000761000000, 0x0000000800000000)
  region size 2048K, 8 young (16384K), 2 survivors (4096K)
 Metaspace       used 35796K, committed 35968K, reserved 1081344K
  class space    used 4405K, committed 4480K, reserved 1048576K
}
Event: 5.829 GC heap after
{Heap after GC invocations=8 (full 0):
 garbage-first heap   total 69632K, used 26025K [0x0000000761000000, 0x0000000800000000)
  region size 2048K, 1 young (2048K), 1 survivors (2048K)
 Metaspace       used 35796K, committed 35968K, reserved 1081344K
  class space    used 4405K, committed 4480K, reserved 1048576K
}
Event: 6.488 GC heap before
{Heap before GC invocations=9 (full 0):
 garbage-first heap   total 69632K, used 50601K [0x0000000761000000, 0x0000000800000000)
  region size 2048K, 13 young (26624K), 1 survivors (2048K)
 Metaspace       used 39014K, committed 39296K, reserved 1089536K
  class space    used 4729K, committed 4864K, reserved 1048576K
}
Event: 6.499 GC heap after
{Heap after GC invocations=10 (full 0):
 garbage-first heap   total 69632K, used 30720K [0x0000000761000000, 0x0000000800000000)
  region size 2048K, 2 young (4096K), 2 survivors (4096K)
 Metaspace       used 39014K, committed 39296K, reserved 1089536K
  class space    used 4729K, committed 4864K, reserved 1048576K
}
Event: 6.506 GC heap before
{Heap before GC invocations=10 (full 0):
 garbage-first heap   total 69632K, used 32768K [0x0000000761000000, 0x0000000800000000)
  region size 2048K, 3 young (6144K), 2 survivors (4096K)
 Metaspace       used 39017K, committed 39296K, reserved 1089536K
  class space    used 4729K, committed 4864K, reserved 1048576K
}
Event: 6.519 GC heap after
{Heap after GC invocations=11 (full 0):
 garbage-first heap   total 126976K, used 31403K [0x0000000761000000, 0x0000000800000000)
  region size 2048K, 1 young (2048K), 1 survivors (2048K)
 Metaspace       used 39017K, committed 39296K, reserved 1089536K
  class space    used 4729K, committed 4864K, reserved 1048576K
}
Event: 8.081 GC heap before
{Heap before GC invocations=11 (full 0):
 garbage-first heap   total 126976K, used 90795K [0x0000000761000000, 0x0000000800000000)
  region size 2048K, 29 young (59392K), 1 survivors (2048K)
 Metaspace       used 45038K, committed 45248K, reserved 1089536K
  class space    used 5294K, committed 5376K, reserved 1048576K
}
Event: 8.116 GC heap after
{Heap after GC invocations=12 (full 0):
 garbage-first heap   total 126976K, used 41831K [0x0000000761000000, 0x0000000800000000)
  region size 2048K, 4 young (8192K), 4 survivors (8192K)
 Metaspace       used 45038K, committed 45248K, reserved 1089536K
  class space    used 5294K, committed 5376K, reserved 1048576K
}
Event: 9.761 GC heap before
{Heap before GC invocations=12 (full 0):
 garbage-first heap   total 126976K, used 86887K [0x0000000761000000, 0x0000000800000000)
  region size 2048K, 27 young (55296K), 4 survivors (8192K)
 Metaspace       used 48298K, committed 48576K, reserved 1097728K
  class space    used 5507K, committed 5632K, reserved 1048576K
}
Event: 9.800 GC heap after
{Heap after GC invocations=13 (full 0):
 garbage-first heap   total 126976K, used 50225K [0x0000000761000000, 0x0000000800000000)
  region size 2048K, 4 young (8192K), 4 survivors (8192K)
 Metaspace       used 48298K, committed 48576K, reserved 1097728K
  class space    used 5507K, committed 5632K, reserved 1048576K
}
Event: 10.897 GC heap before
{Heap before GC invocations=13 (full 0):
 garbage-first heap   total 126976K, used 89137K [0x0000000761000000, 0x0000000800000000)
  region size 2048K, 23 young (47104K), 4 survivors (8192K)
 Metaspace       used 52877K, committed 53184K, reserved 1097728K
  class space    used 6124K, committed 6272K, reserved 1048576K
}
Event: 10.918 GC heap after
{Heap after GC invocations=14 (full 0):
 garbage-first heap   total 126976K, used 55156K [0x0000000761000000, 0x0000000800000000)
  region size 2048K, 2 young (4096K), 2 survivors (4096K)
 Metaspace       used 52877K, committed 53184K, reserved 1097728K
  class space    used 6124K, committed 6272K, reserved 1048576K
}
Event: 12.979 GC heap before
{Heap before GC invocations=14 (full 0):
 garbage-first heap   total 126976K, used 94068K [0x0000000761000000, 0x0000000800000000)
  region size 2048K, 21 young (43008K), 2 survivors (4096K)
 Metaspace       used 57219K, committed 57536K, reserved 1105920K
  class space    used 6513K, committed 6656K, reserved 1048576K
}

