# JRE version: OpenJDK Runtime Environment GraalVM CE 21.3.0 (17.0.1+12) (build 17.0.1+12-jvmci-21.3-b05)
# Java VM: OpenJDK 64-Bit Server VM GraalVM CE 21.3.0 (17.0.1+12-jvmci-21.3-b05, mixed mode, sharing, tiered, jvmci, jvmci compiler, compressed oops, compressed class ptrs, g1 gc, windows-amd64)
GC Precious Log:
 CPUs: 8 total, 8 available
 Memory: 10170M
 Large Page Support: Disabled
 NUMA Support: Disabled
 Compressed Oops: Enabled (32-bit)
 Heap Region Size: 1M
 Heap Min Capacity: 8M
 Heap Initial Capacity: 160M
 Heap Max Capacity: 2G
 Pre-touch: Disabled
 Parallel Workers: 8
 Concurrent Workers: 2
 Concurrent Refinement Workers: 8
 Periodic GC: Disabled
Heap:
 garbage-first heap   total 572416K, used 186042K [0x0000000080000000, 0x0000000100000000)
  region size 1024K, 15 young (15360K), 15 survivors (15360K)
 Metaspace       used 154051K, committed 155712K, reserved 1187840K
  class space    used 19189K, committed 20032K, reserved 1048576K
GC Heap History (20 events):
Event: 12835.407 GC heap after
{Heap after GC invocations=70 (full 0):
 garbage-first heap   total 559104K, used 293920K [0x0000000080000000, 0x0000000100000000)
  region size 1024K, 6 young (6144K), 6 survivors (6144K)
 Metaspace       used 141072K, committed 143104K, reserved 1179648K
  class space    used 17724K, committed 18560K, reserved 1048576K
}
Event: 12835.774 GC heap before
{Heap before GC invocations=70 (full 0):
 garbage-first heap   total 559104K, used 320544K [0x0000000080000000, 0x0000000100000000)
  region size 1024K, 27 young (27648K), 6 survivors (6144K)
 Metaspace       used 141089K, committed 143104K, reserved 1179648K
  class space    used 17725K, committed 18560K, reserved 1048576K
}
Event: 12835.798 GC heap after
{Heap after GC invocations=71 (full 0):
 garbage-first heap   total 559104K, used 285559K [0x0000000080000000, 0x0000000100000000)
  region size 1024K, 4 young (4096K), 4 survivors (4096K)
 Metaspace       used 141089K, committed 143104K, reserved 1179648K
  class space    used 17725K, committed 18560K, reserved 1048576K
}
Event: 12840.740 GC heap before
{Heap before GC invocations=71 (full 0):
 garbage-first heap   total 559104K, used 437111K [0x0000000080000000, 0x0000000100000000)
  region size 1024K, 121 young (123904K), 4 survivors (4096K)
 Metaspace       used 141535K, committed 143296K, reserved 1179648K
  class space    used 17746K, committed 18560K, reserved 1048576K
}
Event: 12840.768 GC heap after
{Heap after GC invocations=72 (full 0):
 garbage-first heap   total 559104K, used 333568K [0x0000000080000000, 0x0000000100000000)
  region size 1024K, 16 young (16384K), 16 survivors (16384K)
 Metaspace       used 141535K, committed 143296K, reserved 1179648K
  class space    used 17746K, committed 18560K, reserved 1048576K
}
Event: 12842.038 GC heap before
{Heap before GC invocations=72 (full 0):
 garbage-first heap   total 559104K, used 380672K [0x0000000080000000, 0x0000000100000000)
  region size 1024K, 63 young (64512K), 16 survivors (16384K)
 Metaspace       used 141704K, committed 143296K, reserved 1179648K
  class space    used 17746K, committed 18560K, reserved 1048576K
}
Event: 12842.065 GC heap after
{Heap after GC invocations=73 (full 0):
 garbage-first heap   total 559104K, used 334864K [0x0000000080000000, 0x0000000100000000)
  region size 1024K, 2 young (2048K), 2 survivors (2048K)
 Metaspace       used 141704K, committed 143296K, reserved 1179648K
  class space    used 17746K, committed 18560K, reserved 1048576K
}
Event: 12898.597 GC heap before
{Heap before GC invocations=74 (full 0):
 garbage-first heap   total 572416K, used 454672K [0x0000000080000000, 0x0000000100000000)
  region size 1024K, 118 young (120832K), 2 survivors (2048K)
 Metaspace       used 142183K, committed 143488K, reserved 1179648K
  class space    used 17760K, committed 18560K, reserved 1048576K
}
Event: 12898.625 GC heap after
{Heap after GC invocations=75 (full 0):
 garbage-first heap   total 572416K, used 323359K [0x0000000080000000, 0x0000000100000000)
  region size 1024K, 8 young (8192K), 8 survivors (8192K)
 Metaspace       used 142183K, committed 143488K, reserved 1179648K
  class space    used 17760K, committed 18560K, reserved 1048576K
}
Event: 12898.883 GC heap before
{Heap before GC invocations=75 (full 0):
 garbage-first heap   total 572416K, used 341791K [0x0000000080000000, 0x0000000100000000)
  region size 1024K, 27 young (27648K), 8 survivors (8192K)
 Metaspace       used 142228K, committed 143552K, reserved 1179648K
  class space    used 17765K, committed 18560K, reserved 1048576K
}
Event: 12898.955 GC heap after
{Heap after GC invocations=76 (full 0):
 garbage-first heap   total 572416K, used 294654K [0x0000000080000000, 0x0000000100000000)
  region size 1024K, 2 young (2048K), 2 survivors (2048K)
 Metaspace       used 142228K, committed 143552K, reserved 1179648K
  class space    used 17765K, committed 18560K, reserved 1048576K
}
Event: 12942.444 GC heap before
{Heap before GC invocations=76 (full 0):
 garbage-first heap   total 572416K, used 458494K [0x0000000080000000, 0x0000000100000000)
  region size 1024K, 163 young (166912K), 2 survivors (2048K)
 Metaspace       used 144771K, committed 145920K, reserved 1179648K
  class space    used 18084K, committed 18624K, reserved 1048576K
}
Event: 12942.468 GC heap after
{Heap after GC invocations=77 (full 0):
 garbage-first heap   total 572416K, used 300074K [0x0000000080000000, 0x0000000100000000)
  region size 1024K, 7 young (7168K), 7 survivors (7168K)
 Metaspace       used 144771K, committed 145920K, reserved 1179648K
  class space    used 18084K, committed 18624K, reserved 1048576K
}
Event: 12948.292 GC heap before
{Heap before GC invocations=77 (full 0):
 garbage-first heap   total 572416K, used 465962K [0x0000000080000000, 0x0000000100000000)
  region size 1024K, 170 young (174080K), 7 survivors (7168K)
 Metaspace       used 147729K, committed 149056K, reserved 1179648K
  class space    used 18477K, committed 19136K, reserved 1048576K
}
Event: 12948.329 GC heap after
{Heap after GC invocations=78 (full 0):
 garbage-first heap   total 572416K, used 310355K [0x0000000080000000, 0x0000000100000000)
  region size 1024K, 17 young (17408K), 17 survivors (17408K)
 Metaspace       used 147729K, committed 149056K, reserved 1179648K
  class space    used 18477K, committed 19136K, reserved 1048576K
}
Event: 12977.535 GC heap before
{Heap before GC invocations=79 (full 0):
 garbage-first heap   total 572416K, used 379987K [0x0000000080000000, 0x0000000100000000)
  region size 1024K, 174 young (178176K), 17 survivors (17408K)
 Metaspace       used 150779K, committed 152448K, reserved 1187840K
  class space    used 18850K, committed 19648K, reserved 1048576K
}
Event: 12977.559 GC heap after
{Heap after GC invocations=80 (full 0):
 garbage-first heap   total 572416K, used 227428K [0x0000000080000000, 0x0000000100000000)
  region size 1024K, 19 young (19456K), 19 survivors (19456K)
 Metaspace       used 150779K, committed 152448K, reserved 1187840K
  class space    used 18850K, committed 19648K, reserved 1048576K
}
Event: 12977.729 GC heap before
{Heap before GC invocations=80 (full 0):
 garbage-first heap   total 572416K, used 235620K [0x0000000080000000, 0x0000000100000000)
  region size 1024K, 27 young (27648K), 19 survivors (19456K)
 Metaspace       used 150865K, committed 152512K, reserved 1187840K
  class space    used 18862K, committed 19648K, reserved 1048576K
}
Event: 12977.751 GC heap after
{Heap after GC invocations=81 (full 0):
 garbage-first heap   total 572416K, used 174129K [0x0000000080000000, 0x0000000100000000)
  region size 1024K, 3 young (3072K), 3 survivors (3072K)
 Metaspace       used 150865K, committed 152512K, reserved 1187840K
  class space    used 18862K, committed 19648K, reserved 1048576K
}
Event: 13015.959 GC heap before
{Heap before GC invocations=81 (full 0):
 garbage-first heap   total 572416K, used 454705K [0x0000000080000000, 0x0000000100000000)
  region size 1024K, 277 young (283648K), 3 survivors (3072K)
 Metaspace       used 154051K, committed 155712K, reserved 1187840K
  class space    used 19189K, committed 20032K, reserved 1048576K
}

