# JRE version: OpenJDK Runtime Environment GraalVM CE 21.3.0 (17.0.1+12) (build 17.0.1+12-jvmci-21.3-b05)
# Java VM: OpenJDK 64-Bit Server VM GraalVM CE 21.3.0 (17.0.1+12-jvmci-21.3-b05, mixed mode, sharing, tiered, jvmci, jvmci compiler, compressed oops, compressed class ptrs, g1 gc, windows-amd64)
GC Precious Log:
 CPUs: 8 total, 8 available
 Memory: 10170M
 Large Page Support: Disabled
 NUMA Support: Disabled
 Compressed Oops: Enabled (Zero based)
 Heap Region Size: 2M
 Heap Min Capacity: 8M
 Heap Initial Capacity: 160M
 Heap Max Capacity: 2544M
 Pre-touch: Disabled
 Parallel Workers: 8
 Concurrent Workers: 2
 Concurrent Refinement Workers: 8
 Periodic GC: Disabled
Heap:
 garbage-first heap   total 137216K, used 86782K [0x0000000761000000, 0x0000000800000000)
  region size 2048K, 6 young (12288K), 3 survivors (6144K)
 Metaspace       used 71046K, committed 71360K, reserved 1114112K
  class space    used 7461K, committed 7616K, reserved 1048576K
GC Heap History (20 events):
Event: 10.049 GC heap before
{Heap before GC invocations=12 (full 0):
 garbage-first heap   total 110592K, used 78242K [0x0000000761000000, 0x0000000800000000)
  region size 2048K, 22 young (45056K), 4 survivors (8192K)
 Metaspace       used 48469K, committed 48768K, reserved 1097728K
  class space    used 5506K, committed 5632K, reserved 1048576K
}
Event: 10.089 GC heap after
{Heap after GC invocations=13 (full 0):
 garbage-first heap   total 110592K, used 47965K [0x0000000761000000, 0x0000000800000000)
  region size 2048K, 3 young (6144K), 3 survivors (6144K)
 Metaspace       used 48469K, committed 48768K, reserved 1097728K
  class space    used 5506K, committed 5632K, reserved 1048576K
}
Event: 11.275 GC heap before
{Heap before GC invocations=13 (full 0):
 garbage-first heap   total 110592K, used 80733K [0x0000000761000000, 0x0000000800000000)
  region size 2048K, 19 young (38912K), 3 survivors (6144K)
 Metaspace       used 53368K, committed 53696K, reserved 1097728K
  class space    used 6184K, committed 6336K, reserved 1048576K
}
Event: 11.308 GC heap after
{Heap after GC invocations=14 (full 0):
 garbage-first heap   total 110592K, used 51738K [0x0000000761000000, 0x0000000800000000)
  region size 2048K, 2 young (4096K), 2 survivors (4096K)
 Metaspace       used 53368K, committed 53696K, reserved 1097728K
  class space    used 6184K, committed 6336K, reserved 1048576K
}
Event: 16.434 GC heap before
{Heap before GC invocations=14 (full 0):
 garbage-first heap   total 110592K, used 82458K [0x0000000761000000, 0x0000000800000000)
  region size 2048K, 17 young (34816K), 2 survivors (4096K)
 Metaspace       used 57606K, committed 57920K, reserved 1105920K
  class space    used 6511K, committed 6656K, reserved 1048576K
}
Event: 16.484 GC heap after
{Heap after GC invocations=15 (full 0):
 garbage-first heap   total 133120K, used 56551K [0x0000000761000000, 0x0000000800000000)
  region size 2048K, 3 young (6144K), 3 survivors (6144K)
 Metaspace       used 57606K, committed 57920K, reserved 1105920K
  class space    used 6511K, committed 6656K, reserved 1048576K
}
Event: 21.908 GC heap before
{Heap before GC invocations=15 (full 0):
 garbage-first heap   total 133120K, used 95463K [0x0000000761000000, 0x0000000800000000)
  region size 2048K, 23 young (47104K), 3 survivors (6144K)
 Metaspace       used 60062K, committed 60416K, reserved 1105920K
  class space    used 6647K, committed 6848K, reserved 1048576K
}
Event: 21.987 GC heap after
{Heap after GC invocations=16 (full 0):
 garbage-first heap   total 133120K, used 61583K [0x0000000761000000, 0x0000000800000000)
  region size 2048K, 3 young (6144K), 3 survivors (6144K)
 Metaspace       used 60062K, committed 60416K, reserved 1105920K
  class space    used 6647K, committed 6848K, reserved 1048576K
}
Event: 27.889 GC heap before
{Heap before GC invocations=17 (full 0):
 garbage-first heap   total 133120K, used 100495K [0x0000000761000000, 0x0000000800000000)
  region size 2048K, 22 young (45056K), 3 survivors (6144K)
 Metaspace       used 61581K, committed 61952K, reserved 1105920K
  class space    used 6692K, committed 6848K, reserved 1048576K
}
Event: 28.009 GC heap after
{Heap after GC invocations=18 (full 0):
 garbage-first heap   total 133120K, used 66074K [0x0000000761000000, 0x0000000800000000)
  region size 2048K, 3 young (6144K), 3 survivors (6144K)
 Metaspace       used 61581K, committed 61952K, reserved 1105920K
  class space    used 6692K, committed 6848K, reserved 1048576K
}
Event: 33.568 GC heap before
{Heap before GC invocations=18 (full 0):
 garbage-first heap   total 133120K, used 100890K [0x0000000761000000, 0x0000000800000000)
  region size 2048K, 21 young (43008K), 3 survivors (6144K)
 Metaspace       used 62298K, committed 62656K, reserved 1105920K
  class space    used 6704K, committed 6912K, reserved 1048576K
}
Event: 33.701 GC heap after
{Heap after GC invocations=19 (full 0):
 garbage-first heap   total 133120K, used 70246K [0x0000000761000000, 0x0000000800000000)
  region size 2048K, 2 young (4096K), 2 survivors (4096K)
 Metaspace       used 62298K, committed 62656K, reserved 1105920K
  class space    used 6704K, committed 6912K, reserved 1048576K
}
Event: 38.133 GC heap before
{Heap before GC invocations=20 (full 0):
 garbage-first heap   total 133120K, used 107110K [0x0000000761000000, 0x0000000800000000)
  region size 2048K, 19 young (38912K), 2 survivors (4096K)
 Metaspace       used 63388K, committed 63744K, reserved 1114112K
  class space    used 6780K, committed 6976K, reserved 1048576K
}
Event: 38.181 GC heap after
{Heap after GC invocations=21 (full 0):
 garbage-first heap   total 133120K, used 76619K [0x0000000761000000, 0x0000000800000000)
  region size 2048K, 3 young (6144K), 3 survivors (6144K)
 Metaspace       used 63388K, committed 63744K, reserved 1114112K
  class space    used 6780K, committed 6976K, reserved 1048576K
}
Event: 40.123 GC heap before
{Heap before GC invocations=21 (full 0):
 garbage-first heap   total 133120K, used 105291K [0x0000000761000000, 0x0000000800000000)
  region size 2048K, 17 young (34816K), 3 survivors (6144K)
 Metaspace       used 65752K, committed 66112K, reserved 1114112K
  class space    used 7015K, committed 7168K, reserved 1048576K
}
Event: 40.170 GC heap after
{Heap after GC invocations=22 (full 0):
 garbage-first heap   total 133120K, used 77794K [0x0000000761000000, 0x0000000800000000)
  region size 2048K, 2 young (4096K), 2 survivors (4096K)
 Metaspace       used 65752K, committed 66112K, reserved 1114112K
  class space    used 7015K, committed 7168K, reserved 1048576K
}
Event: 43.018 GC heap before
{Heap before GC invocations=23 (full 0):
 garbage-first heap   total 137216K, used 106466K [0x0000000761000000, 0x0000000800000000)
  region size 2048K, 16 young (32768K), 2 survivors (4096K)
 Metaspace       used 70237K, committed 70592K, reserved 1114112K
  class space    used 7421K, committed 7616K, reserved 1048576K
}
Event: 43.035 GC heap after
{Heap after GC invocations=24 (full 0):
 garbage-first heap   total 137216K, used 79421K [0x0000000761000000, 0x0000000800000000)
  region size 2048K, 2 young (4096K), 2 survivors (4096K)
 Metaspace       used 70237K, committed 70592K, reserved 1114112K
  class space    used 7421K, committed 7616K, reserved 1048576K
}
Event: 45.284 GC heap before
{Heap before GC invocations=24 (full 0):
 garbage-first heap   total 137216K, used 112189K [0x0000000761000000, 0x0000000800000000)
  region size 2048K, 18 young (36864K), 2 survivors (4096K)
 Metaspace       used 70792K, committed 71168K, reserved 1114112K
  class space    used 7428K, committed 7616K, reserved 1048576K
}
Event: 45.332 GC heap after
{Heap after GC invocations=25 (full 0):
 garbage-first heap   total 137216K, used 82686K [0x0000000761000000, 0x0000000800000000)
  region size 2048K, 3 young (6144K), 3 survivors (6144K)
 Metaspace       used 70792K, committed 71168K, reserved 1114112K
  class space    used 7428K, committed 7616K, reserved 1048576K
}

