# JRE version: OpenJDK Runtime Environment GraalVM CE 21.3.0 (17.0.1+12) (build 17.0.1+12-jvmci-21.3-b05)
# Java VM: OpenJDK 64-Bit Server VM GraalVM CE 21.3.0 (17.0.1+12-jvmci-21.3-b05, mixed mode, sharing, tiered, jvmci, jvmci compiler, compressed oops, compressed class ptrs, g1 gc, windows-amd64)
GC Precious Log:
 CPUs: 8 total, 8 available
 Memory: 10170M
 Large Page Support: Disabled
 NUMA Support: Disabled
 Compressed Oops: Enabled (32-bit)
 Heap Region Size: 1M
 Heap Min Capacity: 8M
 Heap Initial Capacity: 160M
 Heap Max Capacity: 2G
 Pre-touch: Disabled
 Parallel Workers: 8
 Concurrent Workers: 2
 Concurrent Refinement Workers: 8
 Periodic GC: Disabled
Heap:
 garbage-first heap   total 286720K, used 156337K [0x0000000080000000, 0x0000000100000000)
  region size 1024K, 63 young (64512K), 6 survivors (6144K)
 Metaspace       used 127441K, committed 129536K, reserved 1163264K
  class space    used 15494K, committed 16512K, reserved 1048576K
GC Heap History (20 events):
Event: 8478.399 GC heap before
{Heap before GC invocations=94 (full 2):
 garbage-first heap   total 286720K, used 250257K [0x0000000080000000, 0x0000000100000000)
  region size 1024K, 139 young (142336K), 9 survivors (9216K)
 Metaspace       used 122741K, committed 124800K, reserved 1163264K
  class space    used 15206K, committed 16192K, reserved 1048576K
}
Event: 8478.422 GC heap after
{Heap after GC invocations=95 (full 2):
 garbage-first heap   total 286720K, used 87497K [0x0000000080000000, 0x0000000100000000)
  region size 1024K, 3 young (3072K), 3 survivors (3072K)
 Metaspace       used 122741K, committed 124800K, reserved 1163264K
  class space    used 15206K, committed 16192K, reserved 1048576K
}
Event: 9153.511 GC heap before
{Heap before GC invocations=95 (full 2):
 garbage-first heap   total 286720K, used 242121K [0x0000000080000000, 0x0000000100000000)
  region size 1024K, 143 young (146432K), 3 survivors (3072K)
 Metaspace       used 122889K, committed 124928K, reserved 1163264K
  class space    used 15206K, committed 16192K, reserved 1048576K
}
Event: 9153.534 GC heap after
{Heap after GC invocations=96 (full 2):
 garbage-first heap   total 286720K, used 90652K [0x0000000080000000, 0x0000000100000000)
  region size 1024K, 6 young (6144K), 6 survivors (6144K)
 Metaspace       used 122889K, committed 124928K, reserved 1163264K
  class space    used 15206K, committed 16192K, reserved 1048576K
}
Event: 9162.728 GC heap before
{Heap before GC invocations=96 (full 2):
 garbage-first heap   total 286720K, used 248348K [0x0000000080000000, 0x0000000100000000)
  region size 1024K, 144 young (147456K), 6 survivors (6144K)
 Metaspace       used 123051K, committed 125056K, reserved 1163264K
  class space    used 15207K, committed 16192K, reserved 1048576K
}
Event: 9162.748 GC heap after
{Heap after GC invocations=97 (full 2):
 garbage-first heap   total 286720K, used 97101K [0x0000000080000000, 0x0000000100000000)
  region size 1024K, 12 young (12288K), 12 survivors (12288K)
 Metaspace       used 123051K, committed 125056K, reserved 1163264K
  class space    used 15207K, committed 16192K, reserved 1048576K
}
Event: 9668.082 GC heap before
{Heap before GC invocations=97 (full 2):
 garbage-first heap   total 286720K, used 259917K [0x0000000080000000, 0x0000000100000000)
  region size 1024K, 143 young (146432K), 12 survivors (12288K)
 Metaspace       used 123312K, committed 125376K, reserved 1163264K
  class space    used 15207K, committed 16192K, reserved 1048576K
}
Event: 9668.159 GC heap after
{Heap after GC invocations=98 (full 2):
 garbage-first heap   total 286720K, used 93302K [0x0000000080000000, 0x0000000100000000)
  region size 1024K, 8 young (8192K), 8 survivors (8192K)
 Metaspace       used 123312K, committed 125376K, reserved 1163264K
  class space    used 15207K, committed 16192K, reserved 1048576K
}
Event: 10072.505 GC heap before
{Heap before GC invocations=98 (full 2):
 garbage-first heap   total 286720K, used 240758K [0x0000000080000000, 0x0000000100000000)
  region size 1024K, 141 young (144384K), 8 survivors (8192K)
 Metaspace       used 123458K, committed 125504K, reserved 1163264K
  class space    used 15207K, committed 16192K, reserved 1048576K
}
Event: 10072.540 GC heap after
{Heap after GC invocations=99 (full 2):
 garbage-first heap   total 286720K, used 88402K [0x0000000080000000, 0x0000000100000000)
  region size 1024K, 3 young (3072K), 3 survivors (3072K)
 Metaspace       used 123458K, committed 125504K, reserved 1163264K
  class space    used 15207K, committed 16192K, reserved 1048576K
}
Event: 10078.447 GC heap before
{Heap before GC invocations=99 (full 2):
 garbage-first heap   total 286720K, used 253266K [0x0000000080000000, 0x0000000100000000)
  region size 1024K, 145 young (148480K), 3 survivors (3072K)
 Metaspace       used 126071K, committed 128064K, reserved 1163264K
  class space    used 15393K, committed 16384K, reserved 1048576K
}
Event: 10078.539 GC heap after
{Heap after GC invocations=100 (full 2):
 garbage-first heap   total 286720K, used 96916K [0x0000000080000000, 0x0000000100000000)
  region size 1024K, 12 young (12288K), 12 survivors (12288K)
 Metaspace       used 126071K, committed 128064K, reserved 1163264K
  class space    used 15393K, committed 16384K, reserved 1048576K
}
Event: 10114.480 GC heap before
{Heap before GC invocations=100 (full 2):
 garbage-first heap   total 286720K, used 229012K [0x0000000080000000, 0x0000000100000000)
  region size 1024K, 142 young (145408K), 12 survivors (12288K)
 Metaspace       used 126987K, committed 129088K, reserved 1163264K
  class space    used 15482K, committed 16512K, reserved 1048576K
}
Event: 10114.517 GC heap after
{Heap after GC invocations=101 (full 2):
 garbage-first heap   total 286720K, used 90440K [0x0000000080000000, 0x0000000100000000)
  region size 1024K, 4 young (4096K), 4 survivors (4096K)
 Metaspace       used 126987K, committed 129088K, reserved 1163264K
  class space    used 15482K, committed 16512K, reserved 1048576K
}
Event: 10126.548 GC heap before
{Heap before GC invocations=101 (full 2):
 garbage-first heap   total 286720K, used 235848K [0x0000000080000000, 0x0000000100000000)
  region size 1024K, 143 young (146432K), 4 survivors (4096K)
 Metaspace       used 127125K, committed 129216K, reserved 1163264K
  class space    used 15482K, committed 16512K, reserved 1048576K
}
Event: 10126.710 GC heap after
{Heap after GC invocations=102 (full 2):
 garbage-first heap   total 286720K, used 106673K [0x0000000080000000, 0x0000000100000000)
  region size 1024K, 18 young (18432K), 18 survivors (18432K)
 Metaspace       used 127125K, committed 129216K, reserved 1163264K
  class space    used 15482K, committed 16512K, reserved 1048576K
}
Event: 10129.538 GC heap before
{Heap before GC invocations=102 (full 2):
 garbage-first heap   total 286720K, used 246961K [0x0000000080000000, 0x0000000100000000)
  region size 1024K, 136 young (139264K), 18 survivors (18432K)
 Metaspace       used 127258K, committed 129344K, reserved 1163264K
  class space    used 15482K, committed 16512K, reserved 1048576K
}
Event: 10129.575 GC heap after
{Heap after GC invocations=103 (full 2):
 garbage-first heap   total 286720K, used 97841K [0x0000000080000000, 0x0000000100000000)
  region size 1024K, 4 young (4096K), 4 survivors (4096K)
 Metaspace       used 127258K, committed 129344K, reserved 1163264K
  class space    used 15482K, committed 16512K, reserved 1048576K
}
Event: 10222.114 GC heap before
{Heap before GC invocations=103 (full 2):
 garbage-first heap   total 286720K, used 245297K [0x0000000080000000, 0x0000000100000000)
  region size 1024K, 132 young (135168K), 4 survivors (4096K)
 Metaspace       used 127337K, committed 129408K, reserved 1163264K
  class space    used 15486K, committed 16512K, reserved 1048576K
}
Event: 10222.133 GC heap after
{Heap after GC invocations=104 (full 2):
 garbage-first heap   total 286720K, used 98993K [0x0000000080000000, 0x0000000100000000)
  region size 1024K, 6 young (6144K), 6 survivors (6144K)
 Metaspace       used 127337K, committed 129408K, reserved 1163264K
  class space    used 15486K, committed 16512K, reserved 1048576K
}

