# JRE version: OpenJDK Runtime Environment GraalVM CE 21.3.0 (17.0.1+12) (build 17.0.1+12-jvmci-21.3-b05)
# Java VM: OpenJDK 64-Bit Server VM GraalVM CE 21.3.0 (17.0.1+12-jvmci-21.3-b05, mixed mode, sharing, tiered, jvmci, jvmci compiler, compressed oops, compressed class ptrs, g1 gc, windows-amd64)
GC Precious Log:
 CPUs: 8 total, 8 available
 Memory: 10170M
 Large Page Support: Disabled
 NUMA Support: Disabled
 Compressed Oops: Enabled (Zero based)
 Heap Region Size: 2M
 Heap Min Capacity: 8M
 Heap Initial Capacity: 160M
 Heap Max Capacity: 2544M
 Pre-touch: Disabled
 Parallel Workers: 8
 Concurrent Workers: 2
 Concurrent Refinement Workers: 8
 Periodic GC: Disabled
Heap:
 garbage-first heap   total 192512K, used 116360K [0x0000000761000000, 0x0000000800000000)
  region size 2048K, 30 young (61440K), 3 survivors (6144K)
 Metaspace       used 62205K, committed 62528K, reserved 1105920K
  class space    used 6717K, committed 6912K, reserved 1048576K
GC Heap History (20 events):
Event: 4.956 GC heap before
{Heap before GC invocations=4 (full 0):
 garbage-first heap   total 75776K, used 53740K [0x0000000761000000, 0x0000000800000000)
  region size 2048K, 22 young (45056K), 5 survivors (10240K)
 Metaspace       used 27669K, committed 27904K, reserved 1081344K
  class space    used 3621K, committed 3712K, reserved 1048576K
}
Event: 4.989 GC heap after
{Heap after GC invocations=5 (full 0):
 garbage-first heap   total 75776K, used 21651K [0x0000000761000000, 0x0000000800000000)
  region size 2048K, 3 young (6144K), 3 survivors (6144K)
 Metaspace       used 27669K, committed 27904K, reserved 1081344K
  class space    used 3621K, committed 3712K, reserved 1048576K
}
Event: 5.077 GC heap before
{Heap before GC invocations=5 (full 0):
 garbage-first heap   total 75776K, used 21651K [0x0000000761000000, 0x0000000800000000)
  region size 2048K, 4 young (8192K), 3 survivors (6144K)
 Metaspace       used 27882K, committed 28096K, reserved 1081344K
  class space    used 3627K, committed 3712K, reserved 1048576K
}
Event: 5.090 GC heap after
{Heap after GC invocations=6 (full 0):
 garbage-first heap   total 75776K, used 23536K [0x0000000761000000, 0x0000000800000000)
  region size 2048K, 1 young (2048K), 1 survivors (2048K)
 Metaspace       used 27882K, committed 28096K, reserved 1081344K
  class space    used 3627K, committed 3712K, reserved 1048576K
}
Event: 5.935 GC heap before
{Heap before GC invocations=6 (full 0):
 garbage-first heap   total 75776K, used 52208K [0x0000000761000000, 0x0000000800000000)
  region size 2048K, 15 young (30720K), 1 survivors (2048K)
 Metaspace       used 33264K, committed 33472K, reserved 1081344K
  class space    used 4131K, committed 4224K, reserved 1048576K
}
Event: 5.947 GC heap after
{Heap after GC invocations=7 (full 0):
 garbage-first heap   total 110592K, used 26213K [0x0000000761000000, 0x0000000800000000)
  region size 2048K, 2 young (4096K), 2 survivors (4096K)
 Metaspace       used 33264K, committed 33472K, reserved 1081344K
  class space    used 4131K, committed 4224K, reserved 1048576K
}
Event: 6.290 GC heap before
{Heap before GC invocations=7 (full 0):
 garbage-first heap   total 110592K, used 34405K [0x0000000761000000, 0x0000000800000000)
  region size 2048K, 7 young (14336K), 2 survivors (4096K)
 Metaspace       used 35725K, committed 35968K, reserved 1081344K
  class space    used 4409K, committed 4544K, reserved 1048576K
}
Event: 6.305 GC heap after
{Heap after GC invocations=8 (full 0):
 garbage-first heap   total 110592K, used 26302K [0x0000000761000000, 0x0000000800000000)
  region size 2048K, 2 young (4096K), 2 survivors (4096K)
 Metaspace       used 35725K, committed 35968K, reserved 1081344K
  class space    used 4409K, committed 4544K, reserved 1048576K
}
Event: 7.754 GC heap before
{Heap before GC invocations=9 (full 0):
 garbage-first heap   total 96256K, used 81598K [0x0000000761000000, 0x0000000800000000)
  region size 2048K, 28 young (57344K), 2 survivors (4096K)
 Metaspace       used 41493K, committed 41664K, reserved 1089536K
  class space    used 4964K, committed 5056K, reserved 1048576K
}
Event: 7.777 GC heap after
{Heap after GC invocations=10 (full 0):
 garbage-first heap   total 96256K, used 33365K [0x0000000761000000, 0x0000000800000000)
  region size 2048K, 4 young (8192K), 4 survivors (8192K)
 Metaspace       used 41493K, committed 41664K, reserved 1089536K
  class space    used 4964K, committed 5056K, reserved 1048576K
}
Event: 7.793 GC heap before
{Heap before GC invocations=10 (full 0):
 garbage-first heap   total 96256K, used 35413K [0x0000000761000000, 0x0000000800000000)
  region size 2048K, 5 young (10240K), 4 survivors (8192K)
 Metaspace       used 41506K, committed 41728K, reserved 1089536K
  class space    used 4964K, committed 5056K, reserved 1048576K
}
Event: 7.807 GC heap after
{Heap after GC invocations=11 (full 0):
 garbage-first heap   total 96256K, used 34128K [0x0000000761000000, 0x0000000800000000)
  region size 2048K, 1 young (2048K), 1 survivors (2048K)
 Metaspace       used 41506K, committed 41728K, reserved 1089536K
  class space    used 4964K, committed 5056K, reserved 1048576K
}
Event: 9.476 GC heap before
{Heap before GC invocations=11 (full 0):
 garbage-first heap   total 96256K, used 73040K [0x0000000761000000, 0x0000000800000000)
  region size 2048K, 20 young (40960K), 1 survivors (2048K)
 Metaspace       used 47279K, committed 47552K, reserved 1097728K
  class space    used 5499K, committed 5632K, reserved 1048576K
}
Event: 9.494 GC heap after
{Heap after GC invocations=12 (full 0):
 garbage-first heap   total 96256K, used 40241K [0x0000000761000000, 0x0000000800000000)
  region size 2048K, 3 young (6144K), 3 survivors (6144K)
 Metaspace       used 47279K, committed 47552K, reserved 1097728K
  class space    used 5499K, committed 5632K, reserved 1048576K
}
Event: 10.944 GC heap before
{Heap before GC invocations=12 (full 0):
 garbage-first heap   total 96256K, used 73009K [0x0000000761000000, 0x0000000800000000)
  region size 2048K, 19 young (38912K), 3 survivors (6144K)
 Metaspace       used 49386K, committed 49664K, reserved 1097728K
  class space    used 5580K, committed 5696K, reserved 1048576K
}
Event: 10.975 GC heap after
{Heap after GC invocations=13 (full 0):
 garbage-first heap   total 192512K, used 46939K [0x0000000761000000, 0x0000000800000000)
  region size 2048K, 3 young (6144K), 3 survivors (6144K)
 Metaspace       used 49386K, committed 49664K, reserved 1097728K
  class space    used 5580K, committed 5696K, reserved 1048576K
}
Event: 14.810 GC heap before
{Heap before GC invocations=13 (full 0):
 garbage-first heap   total 192512K, used 124763K [0x0000000761000000, 0x0000000800000000)
  region size 2048K, 41 young (83968K), 3 survivors (6144K)
 Metaspace       used 57283K, committed 57600K, reserved 1105920K
  class space    used 6495K, committed 6656K, reserved 1048576K
}
Event: 14.846 GC heap after
{Heap after GC invocations=14 (full 0):
 garbage-first heap   total 192512K, used 56641K [0x0000000761000000, 0x0000000800000000)
  region size 2048K, 6 young (12288K), 6 survivors (12288K)
 Metaspace       used 57283K, committed 57600K, reserved 1105920K
  class space    used 6495K, committed 6656K, reserved 1048576K
}
Event: 16.779 GC heap before
{Heap before GC invocations=14 (full 0):
 garbage-first heap   total 192512K, used 97601K [0x0000000761000000, 0x0000000800000000)
  region size 2048K, 27 young (55296K), 6 survivors (12288K)
 Metaspace       used 59986K, committed 60288K, reserved 1105920K
  class space    used 6643K, committed 6784K, reserved 1048576K
}
Event: 16.824 GC heap after
{Heap after GC invocations=15 (full 0):
 garbage-first heap   total 192512K, used 63112K [0x0000000761000000, 0x0000000800000000)
  region size 2048K, 3 young (6144K), 3 survivors (6144K)
 Metaspace       used 59986K, committed 60288K, reserved 1105920K
  class space    used 6643K, committed 6784K, reserved 1048576K
}

