# JRE version: OpenJDK Runtime Environment GraalVM CE 21.3.0 (17.0.1+12) (build 17.0.1+12-jvmci-21.3-b05)
# Java VM: OpenJDK 64-Bit Server VM GraalVM CE 21.3.0 (17.0.1+12-jvmci-21.3-b05, mixed mode, sharing, tiered, jvmci, jvmci compiler, compressed oops, compressed class ptrs, g1 gc, windows-amd64)
GC Precious Log:
 CPUs: 8 total, 8 available
 Memory: 10170M
 Large Page Support: Disabled
 NUMA Support: Disabled
 Compressed Oops: Enabled (Zero based)
 Heap Region Size: 2M
 Heap Min Capacity: 8M
 Heap Initial Capacity: 160M
 Heap Max Capacity: 2544M
 Pre-touch: Disabled
 Parallel Workers: 8
 Concurrent Workers: 2
 Concurrent Refinement Workers: 8
 Periodic GC: Disabled
Heap:
 garbage-first heap   total 192512K, used 69284K [0x0000000761000000, 0x0000000800000000)
  region size 2048K, 8 young (16384K), 4 survivors (8192K)
 Metaspace       used 60369K, committed 60672K, reserved 1105920K
  class space    used 6655K, committed 6848K, reserved 1048576K
GC Heap History (20 events):
Event: 4.465 GC heap before
{Heap before GC invocations=4 (full 0):
 garbage-first heap   total 75776K, used 54011K [0x0000000761000000, 0x0000000800000000)
  region size 2048K, 22 young (45056K), 5 survivors (10240K)
 Metaspace       used 27620K, committed 27840K, reserved 1081344K
  class space    used 3621K, committed 3712K, reserved 1048576K
}
Event: 4.497 GC heap after
{Heap after GC invocations=5 (full 0):
 garbage-first heap   total 75776K, used 21815K [0x0000000761000000, 0x0000000800000000)
  region size 2048K, 3 young (6144K), 3 survivors (6144K)
 Metaspace       used 27620K, committed 27840K, reserved 1081344K
  class space    used 3621K, committed 3712K, reserved 1048576K
}
Event: 4.586 GC heap before
{Heap before GC invocations=5 (full 0):
 garbage-first heap   total 75776K, used 23863K [0x0000000761000000, 0x0000000800000000)
  region size 2048K, 4 young (8192K), 3 survivors (6144K)
 Metaspace       used 27864K, committed 28160K, reserved 1081344K
  class space    used 3631K, committed 3776K, reserved 1048576K
}
Event: 4.600 GC heap after
{Heap after GC invocations=6 (full 0):
 garbage-first heap   total 75776K, used 23613K [0x0000000761000000, 0x0000000800000000)
  region size 2048K, 1 young (2048K), 1 survivors (2048K)
 Metaspace       used 27864K, committed 28160K, reserved 1081344K
  class space    used 3631K, committed 3776K, reserved 1048576K
}
Event: 5.335 GC heap before
{Heap before GC invocations=6 (full 0):
 garbage-first heap   total 75776K, used 52285K [0x0000000761000000, 0x0000000800000000)
  region size 2048K, 15 young (30720K), 1 survivors (2048K)
 Metaspace       used 33341K, committed 33536K, reserved 1081344K
  class space    used 4135K, committed 4224K, reserved 1048576K
}
Event: 5.346 GC heap after
{Heap after GC invocations=7 (full 0):
 garbage-first heap   total 110592K, used 26452K [0x0000000761000000, 0x0000000800000000)
  region size 2048K, 2 young (4096K), 2 survivors (4096K)
 Metaspace       used 33341K, committed 33536K, reserved 1081344K
  class space    used 4135K, committed 4224K, reserved 1048576K
}
Event: 5.675 GC heap before
{Heap before GC invocations=7 (full 0):
 garbage-first heap   total 110592K, used 34644K [0x0000000761000000, 0x0000000800000000)
  region size 2048K, 7 young (14336K), 2 survivors (4096K)
 Metaspace       used 35952K, committed 36160K, reserved 1081344K
  class space    used 4427K, committed 4544K, reserved 1048576K
}
Event: 5.684 GC heap after
{Heap after GC invocations=8 (full 0):
 garbage-first heap   total 110592K, used 26452K [0x0000000761000000, 0x0000000800000000)
  region size 2048K, 2 young (4096K), 2 survivors (4096K)
 Metaspace       used 35952K, committed 36160K, reserved 1081344K
  class space    used 4427K, committed 4544K, reserved 1048576K
}
Event: 6.975 GC heap before
{Heap before GC invocations=9 (full 0):
 garbage-first heap   total 96256K, used 81748K [0x0000000761000000, 0x0000000800000000)
  region size 2048K, 28 young (57344K), 2 survivors (4096K)
 Metaspace       used 41464K, committed 41664K, reserved 1089536K
  class space    used 4965K, committed 5056K, reserved 1048576K
}
Event: 6.995 GC heap after
{Heap after GC invocations=10 (full 0):
 garbage-first heap   total 96256K, used 33630K [0x0000000761000000, 0x0000000800000000)
  region size 2048K, 4 young (8192K), 4 survivors (8192K)
 Metaspace       used 41464K, committed 41664K, reserved 1089536K
  class space    used 4965K, committed 5056K, reserved 1048576K
}
Event: 7.024 GC heap before
{Heap before GC invocations=10 (full 0):
 garbage-first heap   total 96256K, used 35678K [0x0000000761000000, 0x0000000800000000)
  region size 2048K, 5 young (10240K), 4 survivors (8192K)
 Metaspace       used 41470K, committed 41664K, reserved 1089536K
  class space    used 4965K, committed 5056K, reserved 1048576K
}
Event: 7.037 GC heap after
{Heap after GC invocations=11 (full 0):
 garbage-first heap   total 96256K, used 34371K [0x0000000761000000, 0x0000000800000000)
  region size 2048K, 1 young (2048K), 1 survivors (2048K)
 Metaspace       used 41470K, committed 41664K, reserved 1089536K
  class space    used 4965K, committed 5056K, reserved 1048576K
}
Event: 8.515 GC heap before
{Heap before GC invocations=11 (full 0):
 garbage-first heap   total 96256K, used 71235K [0x0000000761000000, 0x0000000800000000)
  region size 2048K, 19 young (38912K), 1 survivors (2048K)
 Metaspace       used 47088K, committed 47424K, reserved 1097728K
  class space    used 5492K, committed 5632K, reserved 1048576K
}
Event: 8.532 GC heap after
{Heap after GC invocations=12 (full 0):
 garbage-first heap   total 96256K, used 39145K [0x0000000761000000, 0x0000000800000000)
  region size 2048K, 3 young (6144K), 3 survivors (6144K)
 Metaspace       used 47088K, committed 47424K, reserved 1097728K
  class space    used 5492K, committed 5632K, reserved 1048576K
}
Event: 9.950 GC heap before
{Heap before GC invocations=12 (full 0):
 garbage-first heap   total 96256K, used 69865K [0x0000000761000000, 0x0000000800000000)
  region size 2048K, 19 young (38912K), 3 survivors (6144K)
 Metaspace       used 49365K, committed 49600K, reserved 1097728K
  class space    used 5580K, committed 5696K, reserved 1048576K
}
Event: 9.982 GC heap after
{Heap after GC invocations=13 (full 0):
 garbage-first heap   total 192512K, used 46045K [0x0000000761000000, 0x0000000800000000)
  region size 2048K, 3 young (6144K), 3 survivors (6144K)
 Metaspace       used 49365K, committed 49600K, reserved 1097728K
  class space    used 5580K, committed 5696K, reserved 1048576K
}
Event: 14.184 GC heap before
{Heap before GC invocations=13 (full 0):
 garbage-first heap   total 192512K, used 121821K [0x0000000761000000, 0x0000000800000000)
  region size 2048K, 40 young (81920K), 3 survivors (6144K)
 Metaspace       used 56815K, committed 57088K, reserved 1105920K
  class space    used 6484K, committed 6656K, reserved 1048576K
}
Event: 14.213 GC heap after
{Heap after GC invocations=14 (full 0):
 garbage-first heap   total 192512K, used 56561K [0x0000000761000000, 0x0000000800000000)
  region size 2048K, 5 young (10240K), 5 survivors (10240K)
 Metaspace       used 56815K, committed 57088K, reserved 1105920K
  class space    used 6484K, committed 6656K, reserved 1048576K
}
Event: 16.623 GC heap before
{Heap before GC invocations=14 (full 0):
 garbage-first heap   total 192512K, used 101617K [0x0000000761000000, 0x0000000800000000)
  region size 2048K, 28 young (57344K), 5 survivors (10240K)
 Metaspace       used 60099K, committed 60416K, reserved 1105920K
  class space    used 6645K, committed 6848K, reserved 1048576K
}
Event: 16.649 GC heap after
{Heap after GC invocations=15 (full 0):
 garbage-first heap   total 192512K, used 63140K [0x0000000761000000, 0x0000000800000000)
  region size 2048K, 4 young (8192K), 4 survivors (8192K)
 Metaspace       used 60099K, committed 60416K, reserved 1105920K
  class space    used 6645K, committed 6848K, reserved 1048576K
}

