# JRE version: OpenJDK Runtime Environment GraalVM CE 21.3.0 (17.0.1+12) (build 17.0.1+12-jvmci-21.3-b05)
# Java VM: OpenJDK 64-Bit Server VM GraalVM CE 21.3.0 (17.0.1+12-jvmci-21.3-b05, mixed mode, sharing, tiered, jvmci, jvmci compiler, compressed oops, compressed class ptrs, g1 gc, windows-amd64)
GC Precious Log:
 CPUs: 8 total, 8 available
 Memory: 10170M
 Large Page Support: Disabled
 NUMA Support: Disabled
 Compressed Oops: Enabled (Zero based)
 Heap Region Size: 2M
 Heap Min Capacity: 8M
 Heap Initial Capacity: 160M
 Heap Max Capacity: 2544M
 Pre-touch: Disabled
 Parallel Workers: 8
 Concurrent Workers: 2
 Concurrent Refinement Workers: 8
 Periodic GC: Disabled
Heap:
 garbage-first heap   total 184320K, used 123831K [0x0000000761000000, 0x0000000800000000)
  region size 2048K, 16 young (32768K), 3 survivors (6144K)
 Metaspace       used 76234K, committed 76544K, reserved 1122304K
  class space    used 7866K, committed 8064K, reserved 1048576K
GC Heap History (20 events):
Event: 20.660 GC heap before
{Heap before GC invocations=20 (full 0):
 garbage-first heap   total 116736K, used 81743K [0x0000000761000000, 0x0000000800000000)
  region size 2048K, 9 young (18432K), 2 survivors (4096K)
 Metaspace       used 62540K, committed 62912K, reserved 1105920K
  class space    used 6721K, committed 6912K, reserved 1048576K
}
Event: 20.676 GC heap after
{Heap after GC invocations=21 (full 0):
 garbage-first heap   total 141312K, used 71344K [0x0000000761000000, 0x0000000800000000)
  region size 2048K, 1 young (2048K), 1 survivors (2048K)
 Metaspace       used 62540K, committed 62912K, reserved 1105920K
  class space    used 6721K, committed 6912K, reserved 1048576K
}
Event: 23.454 GC heap before
{Heap before GC invocations=22 (full 0):
 garbage-first heap   total 141312K, used 114352K [0x0000000761000000, 0x0000000800000000)
  region size 2048K, 21 young (43008K), 1 survivors (2048K)
 Metaspace       used 62998K, committed 63360K, reserved 1105920K
  class space    used 6726K, committed 6912K, reserved 1048576K
}
Event: 23.467 GC heap after
{Heap after GC invocations=23 (full 0):
 garbage-first heap   total 141312K, used 76841K [0x0000000761000000, 0x0000000800000000)
  region size 2048K, 3 young (6144K), 3 survivors (6144K)
 Metaspace       used 62998K, committed 63360K, reserved 1105920K
  class space    used 6726K, committed 6912K, reserved 1048576K
}
Event: 25.297 GC heap before
{Heap before GC invocations=23 (full 0):
 garbage-first heap   total 141312K, used 113705K [0x0000000761000000, 0x0000000800000000)
  region size 2048K, 21 young (43008K), 3 survivors (6144K)
 Metaspace       used 63364K, committed 63680K, reserved 1114112K
  class space    used 6732K, committed 6912K, reserved 1048576K
}
Event: 25.316 GC heap after
{Heap after GC invocations=24 (full 0):
 garbage-first heap   total 141312K, used 81597K [0x0000000761000000, 0x0000000800000000)
  region size 2048K, 3 young (6144K), 3 survivors (6144K)
 Metaspace       used 63364K, committed 63680K, reserved 1114112K
  class space    used 6732K, committed 6912K, reserved 1048576K
}
Event: 26.917 GC heap before
{Heap before GC invocations=25 (full 0):
 garbage-first heap   total 143360K, used 112317K [0x0000000761000000, 0x0000000800000000)
  region size 2048K, 18 young (36864K), 3 survivors (6144K)
 Metaspace       used 63595K, committed 63936K, reserved 1114112K
  class space    used 6734K, committed 6912K, reserved 1048576K
}
Event: 26.931 GC heap after
{Heap after GC invocations=26 (full 0):
 garbage-first heap   total 143360K, used 85083K [0x0000000761000000, 0x0000000800000000)
  region size 2048K, 2 young (4096K), 2 survivors (4096K)
 Metaspace       used 63595K, committed 63936K, reserved 1114112K
  class space    used 6734K, committed 6912K, reserved 1048576K
}
Event: 29.060 GC heap before
{Heap before GC invocations=26 (full 0):
 garbage-first heap   total 143360K, used 117851K [0x0000000761000000, 0x0000000800000000)
  region size 2048K, 18 young (36864K), 2 survivors (4096K)
 Metaspace       used 64115K, committed 64448K, reserved 1114112K
  class space    used 6764K, committed 6912K, reserved 1048576K
}
Event: 29.074 GC heap after
{Heap after GC invocations=27 (full 0):
 garbage-first heap   total 143360K, used 88399K [0x0000000761000000, 0x0000000800000000)
  region size 2048K, 3 young (6144K), 3 survivors (6144K)
 Metaspace       used 64115K, committed 64448K, reserved 1114112K
  class space    used 6764K, committed 6912K, reserved 1048576K
}
Event: 30.164 GC heap before
{Heap before GC invocations=28 (full 0):
 garbage-first heap   total 157696K, used 115023K [0x0000000761000000, 0x0000000800000000)
  region size 2048K, 16 young (32768K), 3 survivors (6144K)
 Metaspace       used 64819K, committed 65152K, reserved 1114112K
  class space    used 6813K, committed 6976K, reserved 1048576K
}
Event: 30.178 GC heap after
{Heap after GC invocations=29 (full 0):
 garbage-first heap   total 157696K, used 90880K [0x0000000761000000, 0x0000000800000000)
  region size 2048K, 2 young (4096K), 2 survivors (4096K)
 Metaspace       used 64819K, committed 65152K, reserved 1114112K
  class space    used 6813K, committed 6976K, reserved 1048576K
}
Event: 31.206 GC heap before
{Heap before GC invocations=29 (full 0):
 garbage-first heap   total 157696K, used 125696K [0x0000000761000000, 0x0000000800000000)
  region size 2048K, 19 young (38912K), 2 survivors (4096K)
 Metaspace       used 67321K, committed 67648K, reserved 1114112K
  class space    used 7048K, committed 7232K, reserved 1048576K
}
Event: 31.215 GC heap after
{Heap after GC invocations=30 (full 0):
 garbage-first heap   total 157696K, used 92942K [0x0000000761000000, 0x0000000800000000)
  region size 2048K, 3 young (6144K), 3 survivors (6144K)
 Metaspace       used 67321K, committed 67648K, reserved 1114112K
  class space    used 7048K, committed 7232K, reserved 1048576K
}
Event: 32.618 GC heap before
{Heap before GC invocations=31 (full 0):
 garbage-first heap   total 172032K, used 125710K [0x0000000761000000, 0x0000000800000000)
  region size 2048K, 19 young (38912K), 3 survivors (6144K)
 Metaspace       used 72006K, committed 72320K, reserved 1114112K
  class space    used 7459K, committed 7616K, reserved 1048576K
}
Event: 32.629 GC heap after
{Heap after GC invocations=32 (full 0):
 garbage-first heap   total 172032K, used 95520K [0x0000000761000000, 0x0000000800000000)
  region size 2048K, 3 young (6144K), 3 survivors (6144K)
 Metaspace       used 72006K, committed 72320K, reserved 1114112K
  class space    used 7459K, committed 7616K, reserved 1048576K
}
Event: 32.676 GC heap before
{Heap before GC invocations=32 (full 0):
 garbage-first heap   total 172032K, used 97568K [0x0000000761000000, 0x0000000800000000)
  region size 2048K, 4 young (8192K), 3 survivors (6144K)
 Metaspace       used 72006K, committed 72320K, reserved 1114112K
  class space    used 7459K, committed 7616K, reserved 1048576K
}
Event: 32.685 GC heap after
{Heap after GC invocations=33 (full 0):
 garbage-first heap   total 172032K, used 95418K [0x0000000761000000, 0x0000000800000000)
  region size 2048K, 1 young (2048K), 1 survivors (2048K)
 Metaspace       used 72006K, committed 72320K, reserved 1114112K
  class space    used 7459K, committed 7616K, reserved 1048576K
}
Event: 34.046 GC heap before
{Heap before GC invocations=33 (full 0):
 garbage-first heap   total 172032K, used 138426K [0x0000000761000000, 0x0000000800000000)
  region size 2048K, 22 young (45056K), 1 survivors (2048K)
 Metaspace       used 72411K, committed 72704K, reserved 1122304K
  class space    used 7466K, committed 7616K, reserved 1048576K
}
Event: 34.057 GC heap after
{Heap after GC invocations=34 (full 0):
 garbage-first heap   total 172032K, used 99255K [0x0000000761000000, 0x0000000800000000)
  region size 2048K, 3 young (6144K), 3 survivors (6144K)
 Metaspace       used 72411K, committed 72704K, reserved 1122304K
  class space    used 7466K, committed 7616K, reserved 1048576K
}

