# JRE version: OpenJDK Runtime Environment GraalVM CE 21.3.0 (17.0.1+12) (build 17.0.1+12-jvmci-21.3-b05)
# Java VM: OpenJDK 64-Bit Server VM GraalVM CE 21.3.0 (17.0.1+12-jvmci-21.3-b05, mixed mode, sharing, tiered, jvmci, jvmci compiler, compressed oops, compressed class ptrs, g1 gc, windows-amd64)
GC Precious Log:
 CPUs: 8 total, 8 available
 Memory: 10170M
 Large Page Support: Disabled
 NUMA Support: Disabled
 Compressed Oops: Enabled (Zero based)
 Heap Region Size: 2M
 Heap Min Capacity: 8M
 Heap Initial Capacity: 8M
 Heap Max Capacity: 2544M
 Pre-touch: Disabled
 Parallel Workers: 8
 Concurrent Workers: 2
 Concurrent Refinement Workers: 8
 Periodic GC: Disabled
Heap:
 garbage-first heap   total 26624K, used 8807K [0x0000000761000000, 0x0000000800000000)
  region size 2048K, 5 young (10240K), 1 survivors (2048K)
 Metaspace       used 4314K, committed 4608K, reserved 1056768K
  class space    used 460K, committed 640K, reserved 1048576K
GC Heap History (18 events):
Event: 0.306 GC heap before
{Heap before GC invocations=0 (full 0):
 garbage-first heap   total 8192K, used 2048K [0x0000000761000000, 0x0000000800000000)
  region size 2048K, 1 young (2048K), 0 survivors (0K)
 Metaspace       used 853K, committed 960K, reserved 1056768K
  class space    used 76K, committed 128K, reserved 1048576K
}
Event: 0.311 GC heap after
{Heap after GC invocations=1 (full 0):
 garbage-first heap   total 8192K, used 1040K [0x0000000761000000, 0x0000000800000000)
  region size 2048K, 1 young (2048K), 1 survivors (2048K)
 Metaspace       used 853K, committed 960K, reserved 1056768K
  class space    used 76K, committed 128K, reserved 1048576K
}
Event: 0.554 GC heap before
{Heap before GC invocations=1 (full 0):
 garbage-first heap   total 8192K, used 1040K [0x0000000761000000, 0x0000000800000000)
  region size 2048K, 2 young (4096K), 1 survivors (2048K)
 Metaspace       used 1964K, committed 2112K, reserved 1056768K
  class space    used 202K, committed 256K, reserved 1048576K
}
Event: 0.561 GC heap after
{Heap after GC invocations=2 (full 0):
 garbage-first heap   total 8192K, used 1508K [0x0000000761000000, 0x0000000800000000)
  region size 2048K, 1 young (2048K), 1 survivors (2048K)
 Metaspace       used 1964K, committed 2112K, reserved 1056768K
  class space    used 202K, committed 256K, reserved 1048576K
}
Event: 0.700 GC heap before
{Heap before GC invocations=2 (full 0):
 garbage-first heap   total 8192K, used 1508K [0x0000000761000000, 0x0000000800000000)
  region size 2048K, 2 young (4096K), 1 survivors (2048K)
 Metaspace       used 2324K, committed 2496K, reserved 1056768K
  class space    used 244K, committed 320K, reserved 1048576K
}
Event: 0.708 GC heap after
{Heap after GC invocations=3 (full 0):
 garbage-first heap   total 8192K, used 2904K [0x0000000761000000, 0x0000000800000000)
  region size 2048K, 1 young (2048K), 1 survivors (2048K)
 Metaspace       used 2324K, committed 2496K, reserved 1056768K
  class space    used 244K, committed 320K, reserved 1048576K
}
Event: 0.834 GC heap before
{Heap before GC invocations=3 (full 0):
 garbage-first heap   total 8192K, used 2904K [0x0000000761000000, 0x0000000800000000)
  region size 2048K, 2 young (4096K), 1 survivors (2048K)
 Metaspace       used 2648K, committed 2944K, reserved 1056768K
  class space    used 286K, committed 448K, reserved 1048576K
}
Event: 0.840 GC heap after
{Heap after GC invocations=4 (full 0):
 garbage-first heap   total 10240K, used 3278K [0x0000000761000000, 0x0000000800000000)
  region size 2048K, 1 young (2048K), 1 survivors (2048K)
 Metaspace       used 2648K, committed 2944K, reserved 1056768K
  class space    used 286K, committed 448K, reserved 1048576K
}
Event: 0.904 GC heap before
{Heap before GC invocations=4 (full 0):
 garbage-first heap   total 10240K, used 3278K [0x0000000761000000, 0x0000000800000000)
  region size 2048K, 2 young (4096K), 1 survivors (2048K)
 Metaspace       used 2829K, committed 3072K, reserved 1056768K
  class space    used 301K, committed 448K, reserved 1048576K
}
Event: 0.906 GC heap after
{Heap after GC invocations=5 (full 0):
 garbage-first heap   total 14336K, used 3261K [0x0000000761000000, 0x0000000800000000)
  region size 2048K, 1 young (2048K), 1 survivors (2048K)
 Metaspace       used 2829K, committed 3072K, reserved 1056768K
  class space    used 301K, committed 448K, reserved 1048576K
}
Event: 1.014 GC heap before
{Heap before GC invocations=5 (full 0):
 garbage-first heap   total 14336K, used 5309K [0x0000000761000000, 0x0000000800000000)
  region size 2048K, 2 young (4096K), 1 survivors (2048K)
 Metaspace       used 2982K, committed 3264K, reserved 1056768K
  class space    used 317K, committed 448K, reserved 1048576K
}
Event: 1.017 GC heap after
{Heap after GC invocations=6 (full 0):
 garbage-first heap   total 14336K, used 3875K [0x0000000761000000, 0x0000000800000000)
  region size 2048K, 1 young (2048K), 1 survivors (2048K)
 Metaspace       used 2982K, committed 3264K, reserved 1056768K
  class space    used 317K, committed 448K, reserved 1048576K
}
Event: 1.134 GC heap before
{Heap before GC invocations=6 (full 0):
 garbage-first heap   total 14336K, used 5923K [0x0000000761000000, 0x0000000800000000)
  region size 2048K, 2 young (4096K), 1 survivors (2048K)
 Metaspace       used 3168K, committed 3392K, reserved 1056768K
  class space    used 319K, committed 448K, reserved 1048576K
}
Event: 1.139 GC heap after
{Heap after GC invocations=7 (full 0):
 garbage-first heap   total 14336K, used 4064K [0x0000000761000000, 0x0000000800000000)
  region size 2048K, 1 young (2048K), 1 survivors (2048K)
 Metaspace       used 3168K, committed 3392K, reserved 1056768K
  class space    used 319K, committed 448K, reserved 1048576K
}
Event: 1.160 GC heap before
{Heap before GC invocations=7 (full 0):
 garbage-first heap   total 14336K, used 6112K [0x0000000761000000, 0x0000000800000000)
  region size 2048K, 2 young (4096K), 1 survivors (2048K)
 Metaspace       used 3168K, committed 3392K, reserved 1056768K
  class space    used 319K, committed 448K, reserved 1048576K
}
Event: 1.164 GC heap after
{Heap after GC invocations=8 (full 0):
 garbage-first heap   total 14336K, used 4263K [0x0000000761000000, 0x0000000800000000)
  region size 2048K, 1 young (2048K), 1 survivors (2048K)
 Metaspace       used 3168K, committed 3392K, reserved 1056768K
  class space    used 319K, committed 448K, reserved 1048576K
}
Event: 1.201 GC heap before
{Heap before GC invocations=8 (full 0):
 garbage-first heap   total 14336K, used 6311K [0x0000000761000000, 0x0000000800000000)
  region size 2048K, 2 young (4096K), 1 survivors (2048K)
 Metaspace       used 3225K, committed 3520K, reserved 1056768K
  class space    used 323K, committed 448K, reserved 1048576K
}
Event: 1.204 GC heap after
{Heap after GC invocations=9 (full 0):
 garbage-first heap   total 26624K, used 4711K [0x0000000761000000, 0x0000000800000000)
  region size 2048K, 1 young (2048K), 1 survivors (2048K)
 Metaspace       used 3225K, committed 3520K, reserved 1056768K
  class space    used 323K, committed 448K, reserved 1048576K
}

