# JRE version: OpenJDK Runtime Environment GraalVM CE 21.3.0 (17.0.1+12) (build 17.0.1+12-jvmci-21.3-b05)
# Java VM: OpenJDK 64-Bit Server VM GraalVM CE 21.3.0 (17.0.1+12-jvmci-21.3-b05, mixed mode, sharing, tiered, jvmci, jvmci compiler, compressed oops, compressed class ptrs, g1 gc, windows-amd64)
GC Precious Log:
 CPUs: 8 total, 8 available
 Memory: 10170M
 Large Page Support: Disabled
 NUMA Support: Disabled
 Compressed Oops: Enabled (Zero based)
 Heap Region Size: 2M
 Heap Min Capacity: 8M
 Heap Initial Capacity: 8M
 Heap Max Capacity: 2544M
 Pre-touch: Disabled
 Parallel Workers: 8
 Concurrent Workers: 2
 Concurrent Refinement Workers: 8
 Periodic GC: Disabled
Heap:
 garbage-first heap   total 22528K, used 8780K [0x0000000761000000, 0x0000000800000000)
  region size 2048K, 4 young (8192K), 1 survivors (2048K)
 Metaspace       used 3294K, committed 3520K, reserved 1056768K
  class space    used 330K, committed 448K, reserved 1048576K
GC Heap History (18 events):
Event: 0.248 GC heap before
{Heap before GC invocations=0 (full 0):
 garbage-first heap   total 8192K, used 2048K [0x0000000761000000, 0x0000000800000000)
  region size 2048K, 1 young (2048K), 0 survivors (0K)
 Metaspace       used 852K, committed 960K, reserved 1056768K
  class space    used 76K, committed 128K, reserved 1048576K
}
Event: 0.252 GC heap after
{Heap after GC invocations=1 (full 0):
 garbage-first heap   total 8192K, used 1040K [0x0000000761000000, 0x0000000800000000)
  region size 2048K, 1 young (2048K), 1 survivors (2048K)
 Metaspace       used 852K, committed 960K, reserved 1056768K
  class space    used 76K, committed 128K, reserved 1048576K
}
Event: 0.459 GC heap before
{Heap before GC invocations=1 (full 0):
 garbage-first heap   total 8192K, used 1040K [0x0000000761000000, 0x0000000800000000)
  region size 2048K, 2 young (4096K), 1 survivors (2048K)
 Metaspace       used 1966K, committed 2112K, reserved 1056768K
  class space    used 202K, committed 256K, reserved 1048576K
}
Event: 0.464 GC heap after
{Heap after GC invocations=2 (full 0):
 garbage-first heap   total 8192K, used 1557K [0x0000000761000000, 0x0000000800000000)
  region size 2048K, 1 young (2048K), 1 survivors (2048K)
 Metaspace       used 1966K, committed 2112K, reserved 1056768K
  class space    used 202K, committed 256K, reserved 1048576K
}
Event: 0.566 GC heap before
{Heap before GC invocations=2 (full 0):
 garbage-first heap   total 8192K, used 1557K [0x0000000761000000, 0x0000000800000000)
  region size 2048K, 2 young (4096K), 1 survivors (2048K)
 Metaspace       used 2337K, committed 2560K, reserved 1056768K
  class space    used 244K, committed 320K, reserved 1048576K
}
Event: 0.573 GC heap after
{Heap after GC invocations=3 (full 0):
 garbage-first heap   total 8192K, used 2947K [0x0000000761000000, 0x0000000800000000)
  region size 2048K, 1 young (2048K), 1 survivors (2048K)
 Metaspace       used 2337K, committed 2560K, reserved 1056768K
  class space    used 244K, committed 320K, reserved 1048576K
}
Event: 0.667 GC heap before
{Heap before GC invocations=3 (full 0):
 garbage-first heap   total 8192K, used 2947K [0x0000000761000000, 0x0000000800000000)
  region size 2048K, 2 young (4096K), 1 survivors (2048K)
 Metaspace       used 2640K, committed 2944K, reserved 1056768K
  class space    used 286K, committed 448K, reserved 1048576K
}
Event: 0.672 GC heap after
{Heap after GC invocations=4 (full 0):
 garbage-first heap   total 10240K, used 3122K [0x0000000761000000, 0x0000000800000000)
  region size 2048K, 1 young (2048K), 1 survivors (2048K)
 Metaspace       used 2640K, committed 2944K, reserved 1056768K
  class space    used 286K, committed 448K, reserved 1048576K
}
Event: 0.747 GC heap before
{Heap before GC invocations=4 (full 0):
 garbage-first heap   total 10240K, used 3122K [0x0000000761000000, 0x0000000800000000)
  region size 2048K, 2 young (4096K), 1 survivors (2048K)
 Metaspace       used 2822K, committed 3072K, reserved 1056768K
  class space    used 301K, committed 448K, reserved 1048576K
}
Event: 0.749 GC heap after
{Heap after GC invocations=5 (full 0):
 garbage-first heap   total 14336K, used 3218K [0x0000000761000000, 0x0000000800000000)
  region size 2048K, 1 young (2048K), 1 survivors (2048K)
 Metaspace       used 2822K, committed 3072K, reserved 1056768K
  class space    used 301K, committed 448K, reserved 1048576K
}
Event: 0.831 GC heap before
{Heap before GC invocations=5 (full 0):
 garbage-first heap   total 14336K, used 3218K [0x0000000761000000, 0x0000000800000000)
  region size 2048K, 2 young (4096K), 1 survivors (2048K)
 Metaspace       used 2964K, committed 3200K, reserved 1056768K
  class space    used 317K, committed 448K, reserved 1048576K
}
Event: 0.834 GC heap after
{Heap after GC invocations=6 (full 0):
 garbage-first heap   total 14336K, used 3858K [0x0000000761000000, 0x0000000800000000)
  region size 2048K, 1 young (2048K), 1 survivors (2048K)
 Metaspace       used 2964K, committed 3200K, reserved 1056768K
  class space    used 317K, committed 448K, reserved 1048576K
}
Event: 0.919 GC heap before
{Heap before GC invocations=6 (full 0):
 garbage-first heap   total 14336K, used 5906K [0x0000000761000000, 0x0000000800000000)
  region size 2048K, 2 young (4096K), 1 survivors (2048K)
 Metaspace       used 3070K, committed 3328K, reserved 1056768K
  class space    used 320K, committed 448K, reserved 1048576K
}
Event: 0.922 GC heap after
{Heap after GC invocations=7 (full 0):
 garbage-first heap   total 14336K, used 4092K [0x0000000761000000, 0x0000000800000000)
  region size 2048K, 1 young (2048K), 1 survivors (2048K)
 Metaspace       used 3070K, committed 3328K, reserved 1056768K
  class space    used 320K, committed 448K, reserved 1048576K
}
Event: 0.953 GC heap before
{Heap before GC invocations=7 (full 0):
 garbage-first heap   total 14336K, used 6140K [0x0000000761000000, 0x0000000800000000)
  region size 2048K, 2 young (4096K), 1 survivors (2048K)
 Metaspace       used 3149K, committed 3392K, reserved 1056768K
  class space    used 320K, committed 448K, reserved 1048576K
}
Event: 0.956 GC heap after
{Heap after GC invocations=8 (full 0):
 garbage-first heap   total 14336K, used 4337K [0x0000000761000000, 0x0000000800000000)
  region size 2048K, 1 young (2048K), 1 survivors (2048K)
 Metaspace       used 3149K, committed 3392K, reserved 1056768K
  class space    used 320K, committed 448K, reserved 1048576K
}
Event: 0.999 GC heap before
{Heap before GC invocations=8 (full 0):
 garbage-first heap   total 14336K, used 6385K [0x0000000761000000, 0x0000000800000000)
  region size 2048K, 2 young (4096K), 1 survivors (2048K)
 Metaspace       used 3206K, committed 3456K, reserved 1056768K
  class space    used 324K, committed 448K, reserved 1048576K
}
Event: 1.003 GC heap after
{Heap after GC invocations=9 (full 0):
 garbage-first heap   total 22528K, used 4684K [0x0000000761000000, 0x0000000800000000)
  region size 2048K, 1 young (2048K), 1 survivors (2048K)
 Metaspace       used 3206K, committed 3456K, reserved 1056768K
  class space    used 324K, committed 448K, reserved 1048576K
}

